<testsuite name="mvntest1-test-suite" time="0.326" failures="0" errors="0" skipped="0" tests="1">
  <properties>
    <property key="java.runtime.name" value="Java(TM) SE Runtime Environment"/>
    <property key="sun.boot.library.path" value="/usr/local/jdk1.8.0_60/jre/lib/amd64"/>
    <property key="java.vm.version" value="25.60-b23"/>
    <property key="maven.multiModuleProjectDirectory" value="/home/prashanth/AnypointStudio/workspace1/mvntest1"/>
    <property key="java.vm.vendor" value="Oracle Corporation"/>
    <property key="java.vendor.url" value="http://java.oracle.com/"/>
    <property key="guice.disable.misplaced.annotation.check" value="true"/>
    <property key="path.separator" value=":"/>
    <property key="java.vm.name" value="Java HotSpot(TM) 64-Bit Server VM"/>
    <property key="file.encoding.pkg" value="sun.io"/>
    <property key="user.country" value="IN"/>
    <property key="sun.java.launcher" value="SUN_STANDARD"/>
    <property key="sun.os.patch.level" value="unknown"/>
    <property key="java.vm.specification.name" value="Java Virtual Machine Specification"/>
    <property key="user.dir" value="/home/prashanth/AnypointStudio/workspace1/mvntest1"/>
    <property key="java.runtime.version" value="1.8.0_60-b27"/>
    <property key="java.awt.graphicsenv" value="sun.awt.X11GraphicsEnvironment"/>
    <property key="java.endorsed.dirs" value="/usr/local/jdk1.8.0_60/jre/lib/endorsed"/>
    <property key="os.arch" value="amd64"/>
    <property key="java.io.tmpdir" value="/tmp"/>
    <property key="line.separator" value="&#xa;"/>
    <property key="java.vm.specification.vendor" value="Oracle Corporation"/>
    <property key="os.name" value="Linux"/>
    <property key="classworlds.conf" value="/usr/local/maven/bin/m2.conf"/>
    <property key="sun.jnu.encoding" value="UTF-8"/>
    <property key="java.library.path" value="/usr/java/packages/lib/amd64:/usr/lib64:/lib64:/lib:/usr/lib"/>
    <property key="maven.conf" value="/usr/local/maven/conf"/>
    <property key="java.specification.name" value="Java Platform API Specification"/>
    <property key="java.class.version" value="52.0"/>
    <property key="sun.management.compiler" value="HotSpot 64-Bit Tiered Compilers"/>
    <property key="os.version" value="4.4.0-96-generic"/>
    <property key="library.jansi.path" value="/usr/local/maven/lib/jansi-native/linux64"/>
    <property key="user.home" value="/root"/>
    <property key="user.timezone" value="Asia/Kolkata"/>
    <property key="java.awt.printerjob" value="sun.print.PSPrinterJob"/>
    <property key="file.encoding" value="UTF-8"/>
    <property key="java.specification.version" value="1.8"/>
    <property key="java.class.path" value="/usr/local/maven/boot/plexus-classworlds-2.5.2.jar"/>
    <property key="user.name" value="root"/>
    <property key="java.vm.specification.version" value="1.8"/>
    <property key="sun.java.command" value="org.codehaus.plexus.classworlds.launcher.Launcher package mule:deploy"/>
    <property key="java.home" value="/usr/local/jdk1.8.0_60/jre"/>
    <property key="sun.arch.data.model" value="64"/>
    <property key="user.language" value="en"/>
    <property key="java.specification.vendor" value="Oracle Corporation"/>
    <property key="awt.toolkit" value="sun.awt.X11.XToolkit"/>
    <property key="java.vm.info" value="mixed mode"/>
    <property key="java.version" value="1.8.0_60"/>
    <property key="securerandom.source" value="file:/dev/./urandom"/>
    <property key="java.ext.dirs" value="/usr/local/jdk1.8.0_60/jre/lib/ext:/usr/java/packages/lib/ext"/>
    <property key="sun.boot.class.path" value="/usr/local/jdk1.8.0_60/jre/lib/resources.jar:/usr/local/jdk1.8.0_60/jre/lib/rt.jar:/usr/local/jdk1.8.0_60/jre/lib/sunrsasign.jar:/usr/local/jdk1.8.0_60/jre/lib/jsse.jar:/usr/local/jdk1.8.0_60/jre/lib/jce.jar:/usr/local/jdk1.8.0_60/jre/lib/charsets.jar:/usr/local/jdk1.8.0_60/jre/lib/jfr.jar:/usr/local/jdk1.8.0_60/jre/classes"/>
    <property key="java.vendor" value="Oracle Corporation"/>
    <property key="maven.home" value="/usr/local/maven"/>
    <property key="file.separator" value="/"/>
    <property key="java.vendor.url.bug" value="http://bugreport.sun.com/bugreport/"/>
    <property key="sun.io.unicode.encoding" value="UnicodeLittle"/>
    <property key="sun.cpu.endian" value="little"/>
    <property key="sun.desktop" value="gnome"/>
    <property key="sun.cpu.isalist" value=""/>
    <property key="mule.testingMode" value="true"/>
    <property key="mule.working.dir" value="/home/prashanth/AnypointStudio/workspace1/mvntest1/target/.mule"/>
  </properties>
  <testcase time="0.123" name="mvntest1-test-suite-mvntest1FlowTest" classname="mvntest1-test-suite"/>
</testsuite>